[2025-03-15 14:44:19] INFO [explicit:42] Task runnnnnnnnnnn
[2025-03-15 16:35:15] INFO [explicit:25] Task runnnnnnnnnnn
[2025-03-15 16:36:45] INFO [explicit:25] Task runnnnnnnnnnn
[2025-03-15 16:36:48] INFO [explicit:25] Task runnnnnnnnnnn
[2025-03-15 16:42:14] INFO [explicit:25] Task runnnnnnnnnnn
[2025-03-16 11:08:10] INFO [explicit:44] Task runnnnnnnnnnn
[2025-03-16 16:36:59] INFO [explicit:46] Task runnnnnnnnnnn
[2025-03-18 01:00:57] INFO [explicit:28] BBBBBBBBBB
[2025-03-18 01:03:49] INFO [explicit:28] BBBBBBBBBB
[2025-03-18 01:04:19] INFO [explicit:28] BBBBBBBBBB
[2025-03-18 01:11:20] INFO [explicit:59] started crawl
[2025-03-18 01:13:10] INFO [explicit:59] started crawl
[2025-03-18 01:20:00] INFO [explicit:59] started crawl
[2025-03-18 01:29:00] INFO [explicit:59] started the crawl
[2025-03-18 01:29:01] INFO [explicit:59] started the crawl
[2025-03-18 01:29:05] INFO [explicit:169] search captcha input:
[2025-03-18 01:29:06] INFO [explicit:169] search captcha input:
[2025-03-18 01:29:12] INFO [explicit:169] search captcha input:
[2025-03-18 01:29:13] INFO [explicit:169] search captcha input:
[2025-03-18 01:29:18] INFO [explicit:169] search captcha input:
[2025-03-18 01:29:20] INFO [explicit:169] search captcha input:
[2025-03-18 01:29:23] INFO [explicit:175] ورود موفق آمیز بود.
[2025-03-18 01:29:25] INFO [explicit:175] ورود موفق آمیز بود.
[2025-03-18 01:35:53] INFO [explicit:59] started the crawl
[2025-03-18 01:35:57] INFO [explicit:169] search captcha input:
[2025-03-18 01:36:04] INFO [explicit:169] search captcha input:
[2025-03-18 01:36:13] INFO [explicit:169] search captcha input:
[2025-03-18 01:36:18] INFO [explicit:175] ورود موفق آمیز بود.
[2025-03-18 01:39:17] INFO [explicit:59] started the crawl
[2025-03-18 01:39:17] INFO [explicit:59] started the crawl
[2025-03-18 01:39:21] INFO [explicit:169] search captcha input:
[2025-03-18 01:39:22] INFO [explicit:169] search captcha input:
[2025-03-18 01:39:28] INFO [explicit:169] search captcha input:
[2025-03-18 01:39:29] INFO [explicit:169] search captcha input:
[2025-03-18 01:39:35] INFO [explicit:169] search captcha input:
[2025-03-18 01:39:36] INFO [explicit:169] search captcha input:
[2025-03-18 01:39:43] INFO [explicit:169] search captcha input:
[2025-03-18 01:39:43] INFO [explicit:169] search captcha input:
[2025-03-18 01:39:50] INFO [explicit:169] search captcha input:
[2025-03-18 01:39:51] INFO [explicit:169] search captcha input:
[2025-03-18 01:39:58] INFO [explicit:169] search captcha input:
[2025-03-18 01:40:05] INFO [explicit:169] search captcha input:
[2025-03-18 01:40:06] INFO [explicit:175] ورود موفق آمیز بود.
[2025-03-18 01:40:12] INFO [explicit:169] search captcha input:
[2025-03-18 01:40:14] INFO [explicit:322] مرکز مرکز تعویض پلاک شهریار 101711 برای این سرویس و استان وجود در دسترس نیست. لطفا مرکز دیگری را انتخاب نمایید
[2025-03-18 01:40:15] INFO [explicit:59] started the crawl
[2025-03-18 01:40:19] INFO [explicit:169] search captcha input:
[2025-03-18 01:40:19] INFO [explicit:169] search captcha input:
[2025-03-18 01:40:26] INFO [explicit:169] search captcha input:
[2025-03-18 01:40:26] INFO [explicit:169] search captcha input:
[2025-03-18 01:40:33] INFO [explicit:169] search captcha input:
[2025-03-18 01:40:34] INFO [explicit:169] search captcha input:
[2025-03-18 01:40:42] INFO [explicit:169] search captcha input:
[2025-03-18 01:40:48] INFO [explicit:175] ورود موفق آمیز بود.
[2025-03-18 01:40:56] INFO [explicit:322] مرکز مرکز تعویض پلاک شهریار 101711 برای این سرویس و استان وجود در دسترس نیست. لطفا مرکز دیگری را انتخاب نمایید
[2025-03-18 01:40:57] INFO [explicit:175] ورود موفق آمیز بود.
[2025-03-18 01:41:04] INFO [explicit:322] مرکز مرکز تعویض پلاک شهریار 101711 برای این سرویس و استان وجود در دسترس نیست. لطفا مرکز دیگری را انتخاب نمایید
[2025-03-18 01:41:26] INFO [explicit:59] started the crawl
[2025-03-18 01:41:31] INFO [explicit:169] search captcha input:
[2025-03-18 01:41:38] INFO [explicit:169] search captcha input:
[2025-03-18 01:41:43] INFO [explicit:175] ورود موفق آمیز بود.
[2025-03-18 01:42:00] INFO [explicit:59] started the crawl
[2025-03-18 01:42:04] INFO [explicit:169] search captcha input:
[2025-03-18 01:42:14] INFO [explicit:169] search captcha input:
[2025-03-18 01:42:29] INFO [explicit:175] ورود موفق آمیز بود.
[2025-03-18 01:42:36] INFO [explicit:322] مرکز مرکز تعویض پلاک شهریار 101711 برای این سرویس و استان وجود در دسترس نیست. لطفا مرکز دیگری را انتخاب نمایید
[2025-03-18 01:45:00] INFO [explicit:59] started the crawl
[2025-03-18 01:45:04] INFO [explicit:169] search captcha input:
[2025-03-18 01:45:12] INFO [explicit:169] search captcha input:
[2025-03-18 01:45:27] INFO [explicit:175] ورود موفق آمیز بود.
[2025-03-18 01:45:37] INFO [explicit:314] مرکز دفتر خدمات خودرویی خلخال 331103 با موفقیت انتخاب شد. مرحله بعد انتخاب روز.
[2025-03-18 01:45:37] INFO [explicit:347] Successfully clicked the input for تغییر کد پلاک مالک (از شهری به شهر دیگر)
[2025-03-18 01:45:37] INFO [explicit:390] Fast mode, date finding
[2025-03-18 01:45:37] INFO [explicit:395] switched slow mode, date finding
[2025-03-18 01:45:38] INFO [explicit:436] all Founded valid dates: ['1403-12-28']
[2025-03-18 01:45:38] INFO [explicit:457] Fast mode, time finding
[2025-03-18 01:45:38] INFO [explicit:461] Founded green time button numbers: 0
[2025-03-18 01:45:38] INFO [explicit:469] Fast mode, Unable|0 to find green time elements, lets try gray color.
[2025-03-18 01:45:39] INFO [explicit:473] Founded gray time reserve links numbers: 11
[2025-03-18 01:45:39] INFO [explicit:475] Founded gray time button numbers: 11
[2025-03-18 01:45:40] INFO [explicit:574] با موفقیت زودترین زمان 07:40 انتخاب شد
[2025-03-18 01:45:41] INFO [explicit:615] successfully selected vehicle_cat: khodro
[2025-03-18 01:45:41] INFO [explicit:664] pelak letter element: <select name="type_pelak" id="type_pelak" class="form-control">
                                            <option value="0">-- انتخاب کنید</option>
                                            <option value="khodro">سواری شخصی</option><option value="savari_omoomi">سواری عمومی</option><option value="vanet">وانت شخصی</option><option value="motor">موتور سیکلت</option><option value="taxi">تاکسی</option><option value="keshavarzi">ماشینهای کشاورزی</option>
                                        </select>
[2025-03-18 01:45:41] INFO [explicit:667] successfully selected pelak value: 14
[2025-03-18 01:45:42] INFO [explicit:688] successfully selected and filled pelak (by js): ['22', '14', '112', '11']
[2025-03-18 01:45:42] INFO [explicit:702] Successfully clicked on agreement checkbox
[2025-03-18 01:45:43] INFO [explicit:720] Captcha uploaded to: captcha.png
[2025-03-18 01:45:43] INFO [explicit:734] successfully entered captcha text: Rqotxn
[2025-03-18 01:45:43] INFO [explicit:755] Pressed reserve receiving submit button
[2025-03-18 01:45:49] INFO [explicit:787] try refreshing captcha
[2025-03-18 01:45:49] INFO [explicit:797] retry: 0/20 times
[2025-03-18 01:45:49] INFO [explicit:720] Captcha uploaded to: captcha.png
[2025-03-18 01:45:49] INFO [explicit:734] successfully entered captcha text: citie5
[2025-03-18 01:45:50] INFO [explicit:755] Pressed reserve receiving submit button
[2025-03-18 01:45:55] INFO [explicit:787] try refreshing captcha
[2025-03-18 01:45:55] INFO [explicit:797] retry: 1/20 times
[2025-03-18 01:45:55] INFO [explicit:720] Captcha uploaded to: captcha.png
[2025-03-18 01:45:56] INFO [explicit:734] successfully entered captcha text: OQxFcd
[2025-03-18 01:45:56] INFO [explicit:755] Pressed reserve receiving submit button
[2025-03-18 01:46:01] INFO [explicit:787] try refreshing captcha
[2025-03-18 01:46:01] INFO [explicit:797] retry: 2/20 times
[2025-03-18 01:46:02] INFO [explicit:720] Captcha uploaded to: captcha.png
[2025-03-18 01:46:02] INFO [explicit:734] successfully entered captcha text: 1lj50Q
[2025-03-18 01:46:02] INFO [explicit:755] Pressed reserve receiving submit button
[2025-03-18 01:46:07] INFO [explicit:787] try refreshing captcha
[2025-03-18 01:46:08] INFO [explicit:797] retry: 3/20 times
[2025-03-18 01:46:08] INFO [explicit:720] Captcha uploaded to: captcha.png
[2025-03-18 01:46:08] INFO [explicit:734] successfully entered captcha text: Hbo296
[2025-03-18 01:46:09] INFO [explicit:755] Pressed reserve receiving submit button
[2025-03-18 01:46:14] INFO [explicit:787] try refreshing captcha
[2025-03-18 01:46:14] INFO [explicit:797] retry: 4/20 times
[2025-03-18 01:46:15] INFO [explicit:720] Captcha uploaded to: captcha.png
[2025-03-18 01:46:15] INFO [explicit:734] successfully entered captcha text: Pc9vPi
[2025-03-18 01:46:15] INFO [explicit:755] Pressed reserve receiving submit button
[2025-03-18 01:46:20] INFO [explicit:787] try refreshing captcha
[2025-03-18 01:46:21] INFO [explicit:797] retry: 5/20 times
[2025-03-18 01:46:21] INFO [explicit:720] Captcha uploaded to: captcha.png
[2025-03-18 01:46:21] INFO [explicit:734] successfully entered captcha text: sMd170
[2025-03-18 01:46:21] INFO [explicit:755] Pressed reserve receiving submit button
[2025-03-18 01:46:27] INFO [explicit:787] try refreshing captcha
[2025-03-18 01:46:27] INFO [explicit:797] retry: 6/20 times
[2025-03-18 01:46:27] INFO [explicit:720] Captcha uploaded to: captcha.png
[2025-03-18 01:46:27] INFO [explicit:734] successfully entered captcha text: oVm'4I
[2025-03-18 01:46:28] INFO [explicit:755] Pressed reserve receiving submit button
[2025-03-18 01:46:33] INFO [explicit:787] try refreshing captcha
[2025-03-18 01:46:33] INFO [explicit:797] retry: 7/20 times
[2025-03-18 01:46:34] INFO [explicit:720] Captcha uploaded to: captcha.png
[2025-03-18 01:46:34] INFO [explicit:734] successfully entered captcha text: yLKyub
[2025-03-18 01:46:34] INFO [explicit:755] Pressed reserve receiving submit button
[2025-03-18 01:46:39] INFO [explicit:787] try refreshing captcha
[2025-03-18 01:46:40] INFO [explicit:797] retry: 8/20 times
[2025-03-18 01:46:40] INFO [explicit:720] Captcha uploaded to: captcha.png
[2025-03-18 01:46:40] INFO [explicit:734] successfully entered captcha text: 7uZ1cs
[2025-03-18 01:46:41] INFO [explicit:755] Pressed reserve receiving submit button
[2025-03-18 01:46:46] INFO [explicit:787] try refreshing captcha
[2025-03-18 01:46:46] INFO [explicit:797] retry: 9/20 times
[2025-03-18 01:46:46] INFO [explicit:720] Captcha uploaded to: captcha.png
[2025-03-18 01:46:47] INFO [explicit:734] successfully entered captcha text: Y1vmmq
[2025-03-18 01:46:47] INFO [explicit:755] Pressed reserve receiving submit button
[2025-03-18 01:46:52] INFO [explicit:787] try refreshing captcha
[2025-03-18 01:46:52] INFO [explicit:797] retry: 10/20 times
[2025-03-18 01:46:53] INFO [explicit:720] Captcha uploaded to: captcha.png
[2025-03-18 01:46:53] INFO [explicit:734] successfully entered captcha text: Hzvlgt
[2025-03-18 01:46:53] INFO [explicit:755] Pressed reserve receiving submit button
[2025-03-18 01:46:58] INFO [explicit:787] try refreshing captcha
[2025-03-18 01:46:59] INFO [explicit:797] retry: 11/20 times
[2025-03-18 01:46:59] INFO [explicit:720] Captcha uploaded to: captcha.png
[2025-03-18 01:46:59] INFO [explicit:734] successfully entered captcha text: Dc0Au
[2025-03-18 01:47:00] INFO [explicit:755] Pressed reserve receiving submit button
[2025-03-18 01:47:05] INFO [explicit:787] try refreshing captcha
[2025-03-18 01:47:05] INFO [explicit:797] retry: 12/20 times
[2025-03-18 01:47:06] INFO [explicit:720] Captcha uploaded to: captcha.png
[2025-03-18 01:47:06] INFO [explicit:734] successfully entered captcha text: kJjBNG
[2025-03-18 01:47:06] INFO [explicit:755] Pressed reserve receiving submit button
[2025-03-18 01:47:11] INFO [explicit:787] try refreshing captcha
[2025-03-18 01:47:12] INFO [explicit:797] retry: 13/20 times
[2025-03-18 01:47:12] INFO [explicit:720] Captcha uploaded to: captcha.png
[2025-03-18 01:47:12] INFO [explicit:734] successfully entered captcha text: pbDpHb
[2025-03-18 01:47:12] INFO [explicit:755] Pressed reserve receiving submit button
[2025-03-18 01:47:18] INFO [explicit:787] try refreshing captcha
[2025-03-18 01:47:18] INFO [explicit:797] retry: 14/20 times
[2025-03-18 01:47:18] INFO [explicit:720] Captcha uploaded to: captcha.png
[2025-03-18 01:47:18] INFO [explicit:734] successfully entered captcha text: QxiRNFE
[2025-03-18 01:47:19] INFO [explicit:755] Pressed reserve receiving submit button
[2025-03-18 01:47:24] INFO [explicit:787] try refreshing captcha
[2025-03-18 01:47:24] INFO [explicit:797] retry: 15/20 times
[2025-03-18 01:47:25] INFO [explicit:720] Captcha uploaded to: captcha.png
[2025-03-18 01:47:25] INFO [explicit:734] successfully entered captcha text: bu1WB9
[2025-03-18 01:47:25] INFO [explicit:755] Pressed reserve receiving submit button
[2025-03-18 01:47:30] INFO [explicit:787] try refreshing captcha
[2025-03-18 01:47:30] INFO [explicit:797] retry: 16/20 times
[2025-03-18 01:47:31] INFO [explicit:720] Captcha uploaded to: captcha.png
[2025-03-18 01:47:31] INFO [explicit:734] successfully entered captcha text: yFBXzu
[2025-03-18 01:47:31] INFO [explicit:755] Pressed reserve receiving submit button
[2025-03-18 01:47:36] INFO [explicit:787] try refreshing captcha
[2025-03-18 01:47:37] INFO [explicit:797] retry: 17/20 times
[2025-03-18 01:47:37] INFO [explicit:720] Captcha uploaded to: captcha.png
[2025-03-18 01:47:37] INFO [explicit:734] successfully entered captcha text: xZwK1X
[2025-03-18 01:47:38] INFO [explicit:755] Pressed reserve receiving submit button
[2025-03-18 01:47:43] INFO [explicit:787] try refreshing captcha
[2025-03-18 01:47:43] INFO [explicit:797] retry: 18/20 times
[2025-03-18 01:47:43] INFO [explicit:720] Captcha uploaded to: captcha.png
[2025-03-18 01:47:44] INFO [explicit:734] successfully entered captcha text: C6Fp9m
[2025-03-18 01:47:44] INFO [explicit:755] Pressed reserve receiving submit button
[2025-03-18 01:47:49] INFO [explicit:787] try refreshing captcha
[2025-03-18 01:47:49] INFO [explicit:797] retry: 19/20 times
[2025-03-18 01:50:00] INFO [explicit:59] started the crawl
[2025-03-18 01:50:04] INFO [explicit:169] search captcha input:
[2025-03-18 01:50:11] INFO [explicit:169] search captcha input:
[2025-03-18 01:50:26] INFO [explicit:175] ورود موفق آمیز بود.
[2025-03-18 01:50:35] INFO [explicit:314] مرکز دفتر خدمات خودرویی خلخال 331103 با موفقیت انتخاب شد. مرحله بعد انتخاب روز.
[2025-03-18 01:50:36] INFO [explicit:347] Successfully clicked the input for تغییر کد پلاک مالک (از شهری به شهر دیگر)
[2025-03-18 01:50:36] INFO [explicit:390] Fast mode, date finding
[2025-03-18 01:50:36] INFO [explicit:395] switched slow mode, date finding
[2025-03-18 01:50:36] INFO [explicit:436] all Founded valid dates: ['1403-12-28']
[2025-03-18 01:50:36] INFO [explicit:59] started the crawl
[2025-03-18 01:50:36] INFO [explicit:457] Fast mode, time finding
[2025-03-18 01:50:37] INFO [explicit:461] Founded green time button numbers: 0
[2025-03-18 01:50:37] INFO [explicit:469] Fast mode, Unable|0 to find green time elements, lets try gray color.
[2025-03-18 01:50:37] INFO [explicit:473] Founded gray time reserve links numbers: 11
[2025-03-18 01:50:38] INFO [explicit:475] Founded gray time button numbers: 11
[2025-03-18 01:50:39] INFO [explicit:574] با موفقیت زودترین زمان 07:40 انتخاب شد
[2025-03-18 01:50:40] INFO [explicit:615] successfully selected vehicle_cat: khodro
[2025-03-18 01:50:41] INFO [explicit:664] pelak letter element: <select name="type_pelak" id="type_pelak" class="form-control">
                                            <option value="0">-- انتخاب کنید</option>
                                            <option value="khodro">سواری شخصی</option><option value="savari_omoomi">سواری عمومی</option><option value="vanet">وانت شخصی</option><option value="motor">موتور سیکلت</option><option value="taxi">تاکسی</option><option value="keshavarzi">ماشینهای کشاورزی</option>
                                        </select>
[2025-03-18 01:50:41] INFO [explicit:667] successfully selected pelak value: 14
[2025-03-18 01:50:41] INFO [explicit:169] search captcha input:
[2025-03-18 01:50:42] INFO [explicit:688] successfully selected and filled pelak (by js): ['22', '14', '112', '11']
[2025-03-18 01:50:42] INFO [explicit:702] Successfully clicked on agreement checkbox
[2025-03-18 01:50:43] INFO [explicit:720] Captcha uploaded to: captcha.png
[2025-03-18 01:50:43] INFO [explicit:734] successfully entered captcha text: upTFBF
[2025-03-18 01:50:43] INFO [explicit:755] Pressed reserve receiving submit button
[2025-03-18 01:50:48] INFO [explicit:169] search captcha input:
[2025-03-18 01:50:48] INFO [explicit:787] try refreshing captcha
[2025-03-18 01:50:49] INFO [explicit:797] retry: 0/20 times
[2025-03-18 01:50:49] INFO [explicit:720] Captcha uploaded to: captcha.png
[2025-03-18 01:50:49] INFO [explicit:734] successfully entered captcha text: 0l2KQl
[2025-03-18 01:50:50] INFO [explicit:755] Pressed reserve receiving submit button
[2025-03-18 01:50:55] INFO [explicit:169] search captcha input:
[2025-03-18 01:50:55] INFO [explicit:787] try refreshing captcha
[2025-03-18 01:50:55] INFO [explicit:797] retry: 1/20 times
[2025-03-18 01:50:56] INFO [explicit:720] Captcha uploaded to: captcha.png
[2025-03-18 01:50:56] INFO [explicit:734] successfully entered captcha text: 21hacd
[2025-03-18 01:50:56] INFO [explicit:755] Pressed reserve receiving submit button
[2025-03-18 01:51:02] INFO [explicit:787] try refreshing captcha
[2025-03-18 01:51:02] INFO [explicit:797] retry: 2/20 times
[2025-03-18 01:51:02] INFO [explicit:720] Captcha uploaded to: captcha.png
[2025-03-18 01:51:03] INFO [explicit:734] successfully entered captcha text: EmonNF
[2025-03-18 01:51:03] INFO [explicit:755] Pressed reserve receiving submit button
[2025-03-18 01:51:08] INFO [explicit:787] try refreshing captcha
[2025-03-18 01:51:08] INFO [explicit:797] retry: 3/20 times
[2025-03-18 01:51:09] INFO [explicit:720] Captcha uploaded to: captcha.png
[2025-03-18 01:51:09] INFO [explicit:734] successfully entered captcha text: tWzP1C
[2025-03-18 01:51:10] INFO [explicit:755] Pressed reserve receiving submit button
[2025-03-18 01:51:10] INFO [explicit:175] ورود موفق آمیز بود.
[2025-03-18 01:51:15] INFO [explicit:787] try refreshing captcha
[2025-03-18 01:51:15] INFO [explicit:797] retry: 4/20 times
[2025-03-18 01:51:16] INFO [explicit:720] Captcha uploaded to: captcha.png
[2025-03-18 01:51:16] INFO [explicit:734] successfully entered captcha text: 4WbeZ9
[2025-03-18 01:51:16] INFO [explicit:755] Pressed reserve receiving submit button
[2025-03-18 01:51:20] INFO [explicit:314] مرکز دفتر خدمات خودرویی خلخال 331103 با موفقیت انتخاب شد. مرحله بعد انتخاب روز.
[2025-03-18 01:51:21] INFO [explicit:347] Successfully clicked the input for تغییر کد پلاک مالک (از شهری به شهر دیگر)
[2025-03-18 01:51:21] INFO [explicit:390] Fast mode, date finding
[2025-03-18 01:51:21] INFO [explicit:395] switched slow mode, date finding
[2025-03-18 01:51:21] INFO [explicit:436] all Founded valid dates: ['1403-12-28']
[2025-03-18 01:51:21] INFO [explicit:787] try refreshing captcha
[2025-03-18 01:51:22] INFO [explicit:457] Fast mode, time finding
[2025-03-18 01:51:22] INFO [explicit:461] Founded green time button numbers: 0
[2025-03-18 01:51:22] INFO [explicit:469] Fast mode, Unable|0 to find green time elements, lets try gray color.
[2025-03-18 01:51:22] INFO [explicit:797] retry: 5/20 times
[2025-03-18 01:51:23] INFO [explicit:720] Captcha uploaded to: captcha.png
[2025-03-18 01:51:23] INFO [explicit:473] Founded gray time reserve links numbers: 11
[2025-03-18 01:51:23] INFO [explicit:734] successfully entered captcha text: QF5Mme
[2025-03-18 01:51:23] INFO [explicit:475] Founded gray time button numbers: 11
[2025-03-18 01:51:23] INFO [explicit:755] Pressed reserve receiving submit button
[2025-03-18 01:51:25] INFO [explicit:574] با موفقیت زودترین زمان 07:40 انتخاب شد
[2025-03-18 01:51:25] INFO [explicit:615] successfully selected vehicle_cat: khodro
[2025-03-18 01:51:26] INFO [explicit:664] pelak letter element: <select name="type_pelak" id="type_pelak" class="form-control">
                                            <option value="0">-- انتخاب کنید</option>
                                            <option value="khodro">سواری شخصی</option><option value="savari_omoomi">سواری عمومی</option><option value="vanet">وانت شخصی</option><option value="motor">موتور سیکلت</option><option value="taxi">تاکسی</option><option value="keshavarzi">ماشینهای کشاورزی</option>
                                        </select>
[2025-03-18 01:51:26] INFO [explicit:667] successfully selected pelak value: 14
[2025-03-18 01:51:26] INFO [explicit:688] successfully selected and filled pelak (by js): ['22', '14', '112', '11']
[2025-03-18 01:51:27] INFO [explicit:702] Successfully clicked on agreement checkbox
[2025-03-18 01:51:27] INFO [explicit:720] Captcha uploaded to: captcha.png
[2025-03-18 01:51:28] INFO [explicit:734] successfully entered captcha text: w4NlIa
[2025-03-18 01:51:28] INFO [explicit:755] Pressed reserve receiving submit button
[2025-03-18 01:51:28] INFO [explicit:787] try refreshing captcha
[2025-03-18 01:51:29] INFO [explicit:797] retry: 6/20 times
[2025-03-18 01:51:29] INFO [explicit:720] Captcha uploaded to: captcha.png
[2025-03-18 01:51:29] INFO [explicit:734] successfully entered captcha text: Zz$aHa
[2025-03-18 01:51:30] INFO [explicit:755] Pressed reserve receiving submit button
[2025-03-18 01:51:33] INFO [explicit:787] try refreshing captcha
[2025-03-18 01:51:33] INFO [explicit:797] retry: 0/20 times
[2025-03-18 01:51:34] INFO [explicit:720] Captcha uploaded to: captcha.png
[2025-03-18 01:51:34] INFO [explicit:734] successfully entered captcha text: tjJJDV
[2025-03-18 01:51:34] INFO [explicit:755] Pressed reserve receiving submit button
[2025-03-18 01:51:35] INFO [explicit:787] try refreshing captcha
[2025-03-18 01:51:35] INFO [explicit:797] retry: 7/20 times
[2025-03-18 01:51:35] INFO [explicit:720] Captcha uploaded to: captcha.png
[2025-03-18 01:51:36] INFO [explicit:734] successfully entered captcha text: ZdtI2F
[2025-03-18 01:51:36] INFO [explicit:755] Pressed reserve receiving submit button
[2025-03-18 01:51:40] INFO [explicit:787] try refreshing captcha
[2025-03-18 01:51:40] INFO [explicit:797] retry: 1/20 times
[2025-03-18 01:51:40] INFO [explicit:720] Captcha uploaded to: captcha.png
[2025-03-18 01:51:40] INFO [explicit:734] successfully entered captcha text: Ebwjez
[2025-03-18 01:51:41] INFO [explicit:755] Pressed reserve receiving submit button
[2025-03-18 01:51:41] INFO [explicit:787] try refreshing captcha
[2025-03-18 01:51:41] INFO [explicit:797] retry: 8/20 times
[2025-03-18 01:51:42] INFO [explicit:720] Captcha uploaded to: captcha.png
[2025-03-18 01:51:42] INFO [explicit:734] successfully entered captcha text: gpth*y
[2025-03-18 01:51:43] INFO [explicit:755] Pressed reserve receiving submit button
[2025-03-18 01:51:46] INFO [explicit:787] try refreshing captcha
[2025-03-18 01:51:46] INFO [explicit:797] retry: 2/20 times
[2025-03-18 01:51:47] INFO [explicit:720] Captcha uploaded to: captcha.png
[2025-03-18 01:51:47] INFO [explicit:734] successfully entered captcha text: tXKkdm
[2025-03-18 01:51:47] INFO [explicit:755] Pressed reserve receiving submit button
[2025-03-18 01:51:48] INFO [explicit:787] try refreshing captcha
[2025-03-18 01:51:48] INFO [explicit:797] retry: 9/20 times
[2025-03-18 01:51:48] INFO [explicit:720] Captcha uploaded to: captcha.png
[2025-03-18 01:51:49] INFO [explicit:734] successfully entered captcha text: 7aIY9C
[2025-03-18 01:51:49] INFO [explicit:755] Pressed reserve receiving submit button
[2025-03-18 01:51:52] INFO [explicit:787] try refreshing captcha
[2025-03-18 01:51:53] INFO [explicit:797] retry: 3/20 times
[2025-03-18 01:51:53] INFO [explicit:720] Captcha uploaded to: captcha.png
[2025-03-18 01:51:53] INFO [explicit:734] successfully entered captcha text: K1Fb9m
[2025-03-18 01:51:54] INFO [explicit:755] Pressed reserve receiving submit button
[2025-03-18 01:51:54] INFO [explicit:787] try refreshing captcha
[2025-03-18 01:51:54] INFO [explicit:797] retry: 10/20 times
[2025-03-18 01:51:55] INFO [explicit:720] Captcha uploaded to: captcha.png
[2025-03-18 01:51:55] INFO [explicit:734] successfully entered captcha text: HCa1bT
[2025-03-18 01:51:55] INFO [explicit:755] Pressed reserve receiving submit button
[2025-03-18 01:51:59] INFO [explicit:787] try refreshing captcha
[2025-03-18 01:51:59] INFO [explicit:797] retry: 4/20 times
[2025-03-18 01:52:00] INFO [explicit:720] Captcha uploaded to: captcha.png
[2025-03-18 01:52:00] INFO [explicit:734] successfully entered captcha text: aHohhc
[2025-03-18 01:52:00] INFO [explicit:755] Pressed reserve receiving submit button
[2025-03-18 01:52:00] INFO [explicit:787] try refreshing captcha
[2025-03-18 01:52:01] INFO [explicit:797] retry: 11/20 times
[2025-03-18 01:52:01] INFO [explicit:720] Captcha uploaded to: captcha.png
[2025-03-18 01:52:01] INFO [explicit:734] successfully entered captcha text: J9xBBR
[2025-03-18 01:52:02] INFO [explicit:755] Pressed reserve receiving submit button
[2025-03-18 01:52:05] INFO [explicit:787] try refreshing captcha
[2025-03-18 01:52:06] INFO [explicit:797] retry: 5/20 times
[2025-03-18 01:52:06] INFO [explicit:720] Captcha uploaded to: captcha.png
[2025-03-18 01:52:06] INFO [explicit:734] successfully entered captcha text: W9dALc
[2025-03-18 01:52:07] INFO [explicit:755] Pressed reserve receiving submit button
[2025-03-18 01:52:07] INFO [explicit:787] try refreshing captcha
[2025-03-18 01:52:07] INFO [explicit:797] retry: 12/20 times
[2025-03-18 01:52:08] INFO [explicit:720] Captcha uploaded to: captcha.png
[2025-03-18 01:52:08] INFO [explicit:734] successfully entered captcha text: P29ml5
[2025-03-18 01:52:08] INFO [explicit:755] Pressed reserve receiving submit button
[2025-03-18 01:52:12] INFO [explicit:787] try refreshing captcha
[2025-03-18 01:52:12] INFO [explicit:797] retry: 6/20 times
[2025-03-18 01:52:12] INFO [explicit:720] Captcha uploaded to: captcha.png
[2025-03-18 01:52:13] INFO [explicit:734] successfully entered captcha text: vsz5US
[2025-03-18 01:52:13] INFO [explicit:755] Pressed reserve receiving submit button
[2025-03-18 01:52:13] INFO [explicit:787] try refreshing captcha
[2025-03-18 01:52:14] INFO [explicit:797] retry: 13/20 times
[2025-03-18 01:52:14] INFO [explicit:720] Captcha uploaded to: captcha.png
[2025-03-18 01:52:14] INFO [explicit:734] successfully entered captcha text: 3w3ePB
[2025-03-18 01:52:15] INFO [explicit:755] Pressed reserve receiving submit button
[2025-03-18 01:52:18] INFO [explicit:787] try refreshing captcha
[2025-03-18 01:52:18] INFO [explicit:797] retry: 7/20 times
[2025-03-18 01:52:19] INFO [explicit:720] Captcha uploaded to: captcha.png
[2025-03-18 01:52:19] INFO [explicit:734] successfully entered captcha text: eajlxt
[2025-03-18 01:52:19] INFO [explicit:755] Pressed reserve receiving submit button
[2025-03-18 01:52:20] INFO [explicit:787] try refreshing captcha
[2025-03-18 01:52:20] INFO [explicit:797] retry: 14/20 times
[2025-03-18 01:52:21] INFO [explicit:720] Captcha uploaded to: captcha.png
[2025-03-18 01:52:21] INFO [explicit:734] successfully entered captcha text: %zMpfx
[2025-03-18 01:52:21] INFO [explicit:755] Pressed reserve receiving submit button
[2025-03-18 01:52:24] INFO [explicit:787] try refreshing captcha
[2025-03-18 01:52:25] INFO [explicit:797] retry: 8/20 times
[2025-03-18 01:52:25] INFO [explicit:720] Captcha uploaded to: captcha.png
[2025-03-18 01:52:26] INFO [explicit:734] successfully entered captcha text: 6QtBsO
[2025-03-18 01:52:26] INFO [explicit:755] Pressed reserve receiving submit button
[2025-03-18 01:52:26] INFO [explicit:787] try refreshing captcha
[2025-03-18 01:52:27] INFO [explicit:797] retry: 15/20 times
[2025-03-18 01:52:27] INFO [explicit:720] Captcha uploaded to: captcha.png
[2025-03-18 01:52:27] INFO [explicit:734] successfully entered captcha text: nISxHk
[2025-03-18 01:52:28] INFO [explicit:755] Pressed reserve receiving submit button
[2025-03-18 01:52:31] INFO [explicit:787] try refreshing captcha
[2025-03-18 01:52:31] INFO [explicit:797] retry: 9/20 times
[2025-03-18 01:52:32] INFO [explicit:720] Captcha uploaded to: captcha.png
[2025-03-18 01:52:32] INFO [explicit:734] successfully entered captcha text: ANadP
[2025-03-18 01:52:32] INFO [explicit:755] Pressed reserve receiving submit button
[2025-03-18 01:52:33] INFO [explicit:787] try refreshing captcha
[2025-03-18 01:52:33] INFO [explicit:797] retry: 16/20 times
[2025-03-18 01:52:33] INFO [explicit:720] Captcha uploaded to: captcha.png
[2025-03-18 01:52:34] INFO [explicit:734] successfully entered captcha text: BCKUgN
[2025-03-18 01:52:34] INFO [explicit:755] Pressed reserve receiving submit button
[2025-03-18 01:52:37] INFO [explicit:787] try refreshing captcha
[2025-03-18 01:52:38] INFO [explicit:797] retry: 10/20 times
[2025-03-18 01:52:38] INFO [explicit:720] Captcha uploaded to: captcha.png
[2025-03-18 01:52:39] INFO [explicit:734] successfully entered captcha text: pC3w$m
[2025-03-18 01:52:39] INFO [explicit:755] Pressed reserve receiving submit button
[2025-03-18 01:52:39] INFO [explicit:787] try refreshing captcha
[2025-03-18 01:52:39] INFO [explicit:797] retry: 17/20 times
[2025-03-18 01:52:40] INFO [explicit:720] Captcha uploaded to: captcha.png
[2025-03-18 01:52:40] INFO [explicit:734] successfully entered captcha text: o14[i]
[2025-03-18 01:52:40] INFO [explicit:755] Pressed reserve receiving submit button
[2025-03-18 01:52:44] INFO [explicit:787] try refreshing captcha
[2025-03-18 01:52:44] INFO [explicit:797] retry: 11/20 times
[2025-03-18 01:52:45] INFO [explicit:720] Captcha uploaded to: captcha.png
[2025-03-18 01:52:45] INFO [explicit:734] successfully entered captcha text: NbabYq
[2025-03-18 01:52:45] INFO [explicit:755] Pressed reserve receiving submit button
[2025-03-18 01:52:46] INFO [explicit:787] try refreshing captcha
[2025-03-18 01:52:46] INFO [explicit:797] retry: 18/20 times
[2025-03-18 01:52:46] INFO [explicit:720] Captcha uploaded to: captcha.png
[2025-03-18 01:52:46] INFO [explicit:734] successfully entered captcha text: sZNQcZ
[2025-03-18 01:52:47] INFO [explicit:755] Pressed reserve receiving submit button
[2025-03-18 01:52:50] INFO [explicit:787] try refreshing captcha
[2025-03-18 01:52:51] INFO [explicit:797] retry: 12/20 times
[2025-03-18 01:52:51] INFO [explicit:720] Captcha uploaded to: captcha.png
[2025-03-18 01:52:51] INFO [explicit:734] successfully entered captcha text: w2Fwpb
[2025-03-18 01:52:52] INFO [explicit:755] Pressed reserve receiving submit button
[2025-03-18 01:52:52] INFO [explicit:787] try refreshing captcha
[2025-03-18 01:52:52] INFO [explicit:797] retry: 19/20 times
[2025-03-18 01:52:57] INFO [explicit:787] try refreshing captcha
[2025-03-18 01:52:57] INFO [explicit:797] retry: 13/20 times
[2025-03-18 01:52:58] INFO [explicit:720] Captcha uploaded to: captcha.png
[2025-03-18 01:52:58] INFO [explicit:734] successfully entered captcha text: FZzxWC
[2025-03-18 01:52:58] INFO [explicit:755] Pressed reserve receiving submit button
[2025-03-18 01:53:03] INFO [explicit:787] try refreshing captcha
[2025-03-18 01:53:04] INFO [explicit:797] retry: 14/20 times
[2025-03-18 01:53:04] INFO [explicit:720] Captcha uploaded to: captcha.png
[2025-03-18 01:53:04] INFO [explicit:734] successfully entered captcha text: 4t86id
[2025-03-18 01:53:05] INFO [explicit:755] Pressed reserve receiving submit button
[2025-03-18 01:53:10] INFO [explicit:787] try refreshing captcha
[2025-03-18 01:53:10] INFO [explicit:797] retry: 15/20 times
[2025-03-18 01:53:11] INFO [explicit:720] Captcha uploaded to: captcha.png
[2025-03-18 01:53:11] INFO [explicit:734] successfully entered captcha text: Cmwx1V
[2025-03-18 01:53:11] INFO [explicit:755] Pressed reserve receiving submit button
[2025-03-18 01:53:16] INFO [explicit:787] try refreshing captcha
[2025-03-18 01:53:17] INFO [explicit:797] retry: 16/20 times
[2025-03-18 01:53:17] INFO [explicit:720] Captcha uploaded to: captcha.png
[2025-03-18 01:53:17] INFO [explicit:734] successfully entered captcha text: tnmqQS
[2025-03-18 01:53:18] INFO [explicit:755] Pressed reserve receiving submit button
[2025-03-18 01:53:23] INFO [explicit:787] try refreshing captcha
[2025-03-18 01:53:23] INFO [explicit:797] retry: 17/20 times
[2025-03-18 01:53:23] INFO [explicit:720] Captcha uploaded to: captcha.png
[2025-03-18 01:53:24] INFO [explicit:734] successfully entered captcha text: wPXhy
[2025-03-18 01:53:24] INFO [explicit:755] Pressed reserve receiving submit button
[2025-03-18 01:53:29] INFO [explicit:787] try refreshing captcha
[2025-03-18 01:53:29] INFO [explicit:797] retry: 18/20 times
[2025-03-18 01:53:30] INFO [explicit:720] Captcha uploaded to: captcha.png
[2025-03-18 01:53:30] INFO [explicit:734] successfully entered captcha text: Jixuj5
[2025-03-18 01:53:30] INFO [explicit:755] Pressed reserve receiving submit button
[2025-03-18 01:53:35] INFO [explicit:787] try refreshing captcha
[2025-03-18 01:53:36] INFO [explicit:797] retry: 19/20 times
